#
# A fatal error has been detected by the Java Runtime Environment:
#
#  SIGSEGV (0xb) at pc=0x00007f7415069bfa, pid=11704, tid=0x00007f74046fd700
#
# JRE version: OpenJDK Runtime Environment (8.0_212-b03) (build 1.8.0_212-8u212-b03-0ubuntu1.18.04.1-b03)
# Java VM: OpenJDK 64-Bit Server VM (25.212-b03 mixed mode linux-amd64 compressed oops)
# Problematic frame:
# v  ~BufferBlob::jni_fast_GetLongField
#
# Failed to write core dump. Core dumps have been disabled. To enable core dumping, try "ulimit -c unlimited" before starting Java again
#
# If you would like to submit a bug report, please visit:
#   http://bugreport.java.com/bugreport/crash.jsp
# The crash happened outside the Java Virtual Machine in native code.
# See problematic frame for where to report the bug.
#

---------------  T H R E A D  ---------------

Current thread (0x00007f742425d800):  JavaThread "AWT-XAWT" daemon [_thread_in_native, id=11723, stack(0x00007f74045fd000,0x00007f74046fe000)]

siginfo: si_signo: 11 (SIGSEGV), si_code: 1 (SEGV_MAPERR), si_addr: 0x0000000000000000

Registers:
RAX=0x00007f742c42f0c0, RBX=0x00007f742425d9e0, RCX=0x0000000000000001, RDX=0x0000000000000042
RSP=0x00007f74046fc7d8, RBP=0x00007f74046fc800, RSI=0x0000000000000000, RDI=0x00007f742425d9e0
R8 =0x00007f740620aab0, R9 =0x0000000000000000, R10=0x0000000000000074, R11=0x00007f7415381358
R12=0x0000000000000000, R13=0x0000000000000000, R14=0x00007f7406957380, R15=0x00007f742425d800
RIP=0x00007f7415069bfa, EFLAGS=0x0000000000010246, CSGSFS=0x002b000000000033, ERR=0x0000000000000004
  TRAPNO=0x000000000000000e

Top of Stack: (sp=0x00007f74046fc7d8)
0x00007f74046fc7d8:   00007f740672d194 00007f742851d3f0
0x00007f74046fc7e8:   0000000000000000 00007f74046fc8b0
0x00007f74046fc7f8:   00007f74046fc880 00007f73bc01df00
0x00007f74046fc808:   00007f7406212c4d 00007f742851d3f0
0x00007f74046fc818:   00007f74046fc840 0000000000000000
0x00007f74046fc828:   00007f740620aad3 00007f74046fc8b0
0x00007f74046fc838:   00007f740672552f 00007f74046fc890
0x00007f74046fc848:   00007f74153813f6 0000000000000000
0x00007f74046fc858:   00007f741526a836 00007f74046fc8b0
0x00007f74046fc868:   00007f7415163cec 00000000d6d33658
0x00007f74046fc878:   00000000d7e84878 00000000d6ca58e0
0x00007f74046fc888:   00000000d6ceb528 00007f74046fc910
0x00007f74046fc898:   00007f74150077d0 00007f74046fc910
0x00007f74046fc8a8:   00007f74150077d0 0000000000000000
0x00007f74046fc8b8:   00007f7415007b10 00007f73d4003130
0x00007f74046fc8c8:   00000000d6d33658 00007f74046fc8d0
0x00007f74046fc8d8:   00007f742861923c 00007f74046fc958
0x00007f74046fc8e8:   00007f7428623348 0000000000000000
0x00007f74046fc8f8:   00007f7428619378 00007f74046fc8b0
0x00007f74046fc908:   00007f74046fc950 00007f74046fc9a0
0x00007f74046fc918:   00007f7415007ffd 0000000000000000
0x00007f74046fc928:   00000000d7029db0 00000000d6f5b348
0x00007f74046fc938:   0000000000000000 0000000000000000
0x00007f74046fc948:   00000000d6d33658 0000000000000000
0x00007f74046fc958:   00000000d6cec068 00007f74046fc960
0x00007f74046fc968:   00007f742861907d 00007f74046fc9b0
0x00007f74046fc978:   00007f7428623348 0000000000000000
0x00007f74046fc988:   00007f7428619088 00007f74046fc950
0x00007f74046fc998:   00007f74046fc9b0 00007f74046fc9f8
0x00007f74046fc9a8:   00007f7415008042 00000000d6cec068
0x00007f74046fc9b8:   00007f74046fc9b8 00007f742812e6cb
0x00007f74046fc9c8:   00007f74046fca08 00007f74281b63e8 

Instructions: (pc=0x00007f7415069bfa)
0x00007f7415069bda:   00 00 00 00 00 00 44 8b 15 f5 20 3f 17 4c 8b ce
0x00007f7415069bea:   41 f6 c2 01 0f 85 2e 00 00 00 4d 33 ca 4d 33 ca
0x00007f7415069bfa:   4d 8b 09 4c 8b da 49 c1 eb 02 4b 8b 04 19 49 bb
0x00007f7415069c0a:   dc bc 45 2c 74 7f 00 00 4c 33 d8 4c 33 d8 45 3b 

Register to memory mapping:

RAX=0x00007f742c42f0c0: <offset 0xf400c0> in /usr/lib/jvm/java-8-openjdk-amd64/jre/lib/amd64/server/libjvm.so at 0x00007f742b4ef000
RBX=0x00007f742425d9e0 is an unknown value
RCX=0x0000000000000001 is an unknown value
RDX=0x0000000000000042 is an unknown value
RSP=0x00007f74046fc7d8 is pointing into the stack for thread: 0x00007f742425d800
RBP=0x00007f74046fc800 is pointing into the stack for thread: 0x00007f742425d800
RSI=0x0000000000000000 is an unknown value
RDI=0x00007f742425d9e0 is an unknown value
R8 =0x00007f740620aab0: <offset 0x5cab0> in /usr/lib/x86_64-linux-gnu/libX11.so.6 at 0x00007f74061ae000
R9 =0x0000000000000000 is an unknown value
R10=0x0000000000000074 is an unknown value
R11=0x00007f7415381358 is at entry_point+24 in (nmethod*)0x00007f74153811d0
R12=0x0000000000000000 is an unknown value
R13=0x0000000000000000 is an unknown value
R14=0x00007f7406957380: <offset 0x25f380> in /usr/lib/jvm/java-8-openjdk-amd64/jre/lib/amd64/libawt_xawt.so at 0x00007f74066f8000
R15=0x00007f742425d800 is a thread


Stack: [0x00007f74045fd000,0x00007f74046fe000],  sp=0x00007f74046fc7d8,  free space=1021k
Native frames: (J=compiled Java code, j=interpreted, Vv=VM code, C=native code)
v  ~BufferBlob::jni_fast_GetLongField
C  [libX11.so.6+0x64c4d]  _XimServerDestroy+0x3d

Java frames: (J=compiled Java code, j=interpreted, Vv=VM code)
J 1058  sun.awt.X11.XlibWrapper.XFilterEvent(JJ)Z (0 bytes) @ 0x00007f7415381384 [0x00007f7415381340+0x44]
j  sun.awt.X11.XToolkit.run(Z)V+300
j  sun.awt.X11.XToolkit.run()V+5
j  java.lang.Thread.run()V+11
v  ~StubRoutines::call_stub

---------------  P R O C E S S  ---------------

Java Threads: ( => current thread )
  0x00007f73bc054000 JavaThread "TimerQueue" daemon [_thread_blocked, id=11729, stack(0x00007f73c5c54000,0x00007f73c5d55000)]
  0x00007f73c0004000 JavaThread "Thread-0" daemon [_thread_in_native, id=11726, stack(0x00007f73c6356000,0x00007f73c6b56000)]
  0x00007f742400b800 JavaThread "DestroyJavaVM" [_thread_blocked, id=11708, stack(0x00007f742d1b9000,0x00007f742d2b9000)]
  0x00007f74242fb800 JavaThread "AWT-EventQueue-1" [_thread_blocked, id=11728, stack(0x00007f73cc0d7000,0x00007f73cc1d8000)]
  0x00007f74242fa800 JavaThread "AWT-Shutdown" [_thread_blocked, id=11727, stack(0x00007f74040d3000,0x00007f74041d4000)]
=>0x00007f742425d800 JavaThread "AWT-XAWT" daemon [_thread_in_native, id=11723, stack(0x00007f74045fd000,0x00007f74046fe000)]
  0x00007f742423b000 JavaThread "Java2D Disposer" daemon [_thread_blocked, id=11722, stack(0x00007f7404b0e000,0x00007f7404c0f000)]
  0x00007f74240c1800 JavaThread "Service Thread" daemon [_thread_blocked, id=11720, stack(0x00007f7406d28000,0x00007f7406e29000)]
  0x00007f74240bf000 JavaThread "C1 CompilerThread2" daemon [_thread_blocked, id=11719, stack(0x00007f7406e2a000,0x00007f7406f2a000)]
  0x00007f74240bd000 JavaThread "C2 CompilerThread1" daemon [_thread_blocked, id=11718, stack(0x00007f7406f2b000,0x00007f740702b000)]
  0x00007f74240ba000 JavaThread "C2 CompilerThread0" daemon [_thread_blocked, id=11717, stack(0x00007f740702c000,0x00007f740712c000)]
  0x00007f74240b8800 JavaThread "Signal Dispatcher" daemon [_thread_blocked, id=11716, stack(0x00007f740712c000,0x00007f740722d000)]
  0x00007f7424085800 JavaThread "Finalizer" daemon [_thread_blocked, id=11715, stack(0x00007f7407bfc000,0x00007f7407cfd000)]
  0x00007f7424083000 JavaThread "Reference Handler" daemon [_thread_blocked, id=11714, stack(0x00007f7407cfd000,0x00007f7407dfe000)]

Other Threads:
  0x00007f7424079000 VMThread [stack: 0x00007f7407dff000,0x00007f7407eff000] [id=11713]
  0x00007f74240c4000 WatcherThread [stack: 0x00007f7406c28000,0x00007f7406d28000] [id=11721]

VM state:not at safepoint (normal execution)

VM Mutex/Monitor currently owned by a thread: None

heap address: 0x0000000083e00000, size: 1986 MB, Compressed Oops mode: 32-bit
Narrow klass base: 0x0000000000000000, Narrow klass shift: 3
Compressed class space size: 1073741824 Address: 0x0000000100000000

Heap:
 PSYoungGen      total 37888K, used 21655K [0x00000000d6a00000, 0x00000000d9400000, 0x0000000100000000)
  eden space 32768K, 66% used [0x00000000d6a00000,0x00000000d7f25c40,0x00000000d8a00000)
  from space 5120K, 0% used [0x00000000d8f00000,0x00000000d8f00000,0x00000000d9400000)
  to   space 5120K, 0% used [0x00000000d8a00000,0x00000000d8a00000,0x00000000d8f00000)
 ParOldGen       total 86016K, used 0K [0x0000000083e00000, 0x0000000089200000, 0x00000000d6a00000)
  object space 86016K, 0% used [0x0000000083e00000,0x0000000083e00000,0x0000000089200000)
 Metaspace       used 16018K, capacity 16408K, committed 16640K, reserved 1064960K
  class space    used 1918K, capacity 2040K, committed 2048K, reserved 1048576K

Card table byte_map: [0x00007f742937b000,0x00007f742975d000] byte_map_base: 0x00007f7428f5c000

Marking Bits: (ParMarkBitMap*) 0x00007f742c45b3c0
 Begin Bits: [0x00007f740c1f0000, 0x00007f740e0f8000)
 End Bits:   [0x00007f740e0f8000, 0x00007f7410000000)

Polling page: 0x00007f742d2dc000

CodeCache: size=245760Kb used=6974Kb max_used=6983Kb free=238785Kb
 bounds [0x00007f7415000000, 0x00007f74156e0000, 0x00007f7424000000]
 total_blobs=2584 nmethods=2002 adapters=495
 compilation: enabled

Compilation events (10 events):
Event: 47,308 Thread 0x00007f74240bf000 2011  s    3       java.util.Vector::toArray (12 bytes)
Event: 47,308 Thread 0x00007f74240bf000 nmethod 2011 0x00007f74156d0250 code [0x00007f74156d03c0, 0x00007f74156d07c8]
Event: 47,308 Thread 0x00007f74240bf000 2012   !   3       sun.awt.X11.XToolkit$1::dispatchEvent (34 bytes)
Event: 47,309 Thread 0x00007f74240bf000 nmethod 2012 0x00007f74156ceb10 code [0x00007f74156ced60, 0x00007f74156cfb78]
Event: 47,599 Thread 0x00007f74240bd000 2013       4       java.security.ProtectionDomain$JavaSecurityAccessImpl::getCombinedACC (30 bytes)
Event: 47,603 Thread 0x00007f74240bd000 nmethod 2013 0x00007f74156ccfd0 code [0x00007f74156cd160, 0x00007f74156cd368]
Event: 47,855 Thread 0x00007f74240ba000 2014       4       java.util.HashMap::newNode (13 bytes)
Event: 47,857 Thread 0x00007f74240ba000 nmethod 2014 0x00007f74156bd650 code [0x00007f74156bd7a0, 0x00007f74156bd8b8]
Event: 113,401 Thread 0x00007f74240bf000 2015       3       java.util.Vector::<init> (53 bytes)
Event: 113,401 Thread 0x00007f74240bf000 nmethod 2015 0x00007f74156ce2d0 code [0x00007f74156ce480, 0x00007f74156ce938]

GC Heap History (0 events):
No events

Deoptimization events (7 events):
Event: 15,207 Thread 0x00007f74242fb800 Uncommon trap: reason=class_check action=maybe_recompile pc=0x00007f7415165168 method=java.lang.String.equals(Ljava/lang/Object;)Z @ 8
Event: 15,207 Thread 0x00007f74242fb800 Uncommon trap: reason=class_check action=maybe_recompile pc=0x00007f7415165168 method=java.lang.String.equals(Ljava/lang/Object;)Z @ 8
Event: 20,450 Thread 0x00007f74242fb800 Uncommon trap: reason=class_check action=maybe_recompile pc=0x00007f7415165168 method=java.lang.String.equals(Ljava/lang/Object;)Z @ 8
Event: 20,450 Thread 0x00007f74242fb800 Uncommon trap: reason=class_check action=maybe_recompile pc=0x00007f7415165168 method=java.lang.String.equals(Ljava/lang/Object;)Z @ 8
Event: 23,449 Thread 0x00007f74242fb800 Uncommon trap: reason=unstable_if action=reinterpret pc=0x00007f7415506640 method=java.lang.Long.valueOf(J)Ljava/lang/Long; @ 5
Event: 23,472 Thread 0x00007f74242fb800 Uncommon trap: reason=unstable_if action=reinterpret pc=0x00007f741526bae0 method=sun.nio.cs.UTF_8$Encoder.encode([CII[B)I @ 33
Event: 23,484 Thread 0x00007f74242fb800 Uncommon trap: reason=unstable_if action=reinterpret pc=0x00007f741543a240 method=java.security.AccessControlContext.optimize()Ljava/security/AccessControlContext; @ 20

Classes redefined (0 events):
No events

Internal exceptions (10 events):
Event: 3,479 Thread 0x00007f74242fb800 Exception <a 'java/lang/UnsupportedOperationException': > (0x00000000d74ea0a8) thrown at [/build/openjdk-8-fPix8r/openjdk-8-8u212-b03/src/hotspot/src/share/vm/prims/jni.cpp, line 736]
Event: 13,503 Thread 0x00007f74242fb800 Exception <a 'java/lang/UnsupportedOperationException': > (0x00000000d7677240) thrown at [/build/openjdk-8-fPix8r/openjdk-8-8u212-b03/src/hotspot/src/share/vm/prims/jni.cpp, line 736]
Event: 19,181 Thread 0x00007f74242fb800 Exception <a 'java/lang/UnsupportedOperationException': > (0x00000000d7734758) thrown at [/build/openjdk-8-fPix8r/openjdk-8-8u212-b03/src/hotspot/src/share/vm/prims/jni.cpp, line 736]
Event: 23,484 Thread 0x00007f74242fb800 Implicit null exception at 0x00007f7415439735 to 0x00007f741543a22d
Event: 23,588 Thread 0x00007f74242fb800 Exception <a 'java/lang/UnsupportedOperationException': > (0x00000000d786b658) thrown at [/build/openjdk-8-fPix8r/openjdk-8-8u212-b03/src/hotspot/src/share/vm/prims/jni.cpp, line 736]
Event: 33,645 Thread 0x00007f74242fb800 Exception <a 'java/lang/UnsupportedOperationException': > (0x00000000d7b3a7b0) thrown at [/build/openjdk-8-fPix8r/openjdk-8-8u212-b03/src/hotspot/src/share/vm/prims/jni.cpp, line 736]
Event: 34,661 Thread 0x00007f74242fb800 Exception <a 'java/lang/UnsupportedOperationException': > (0x00000000d7b7b7a0) thrown at [/build/openjdk-8-fPix8r/openjdk-8-8u212-b03/src/hotspot/src/share/vm/prims/jni.cpp, line 736]
Event: 35,529 Thread 0x00007f74242fb800 Exception <a 'java/lang/UnsupportedOperationException': > (0x00000000d7bc09c8) thrown at [/build/openjdk-8-fPix8r/openjdk-8-8u212-b03/src/hotspot/src/share/vm/prims/jni.cpp, line 736]
Event: 36,409 Thread 0x00007f74242fb800 Exception <a 'java/lang/UnsupportedOperationException': > (0x00000000d7c07fb0) thrown at [/build/openjdk-8-fPix8r/openjdk-8-8u212-b03/src/hotspot/src/share/vm/prims/jni.cpp, line 736]
Event: 37,268 Thread 0x00007f74242fb800 Exception <a 'java/lang/UnsupportedOperationException': > (0x00000000d7c53fb0) thrown at [/build/openjdk-8-fPix8r/openjdk-8-8u212-b03/src/hotspot/src/share/vm/prims/jni.cpp, line 736]

Events (10 events):
Event: 36,349 Executing VM operation: RevokeBias
Event: 36,350 Executing VM operation: RevokeBias done
Event: 36,354 Thread 0x00007f74240bf000 flushing nmethod 0x00007f74151a5450
Event: 37,208 Executing VM operation: RevokeBias
Event: 37,208 Executing VM operation: RevokeBias done
Event: 37,456 loading class java/awt/Canvas
Event: 37,457 loading class java/awt/Canvas done
Event: 37,457 loading class java/awt/Scrollbar
Event: 37,457 loading class java/awt/Scrollbar done
Event: 60,195 Thread 0x00007f7424273000 Thread exited: 0x00007f7424273000


Dynamic libraries:
83e00000-89200000 rw-p 00000000 00:00 0 
89200000-d6a00000 ---p 00000000 00:00 0 
d6a00000-d9400000 rw-p 00000000 00:00 0 
d9400000-100000000 ---p 00000000 00:00 0 
100000000-100200000 rw-p 00000000 00:00 0 
100200000-140000000 ---p 00000000 00:00 0 
557fbc53c000-557fbc53d000 r-xp 00000000 08:01 6162902                    /usr/lib/jvm/java-8-openjdk-amd64/jre/bin/java
557fbc73c000-557fbc73d000 r--p 00000000 08:01 6162902                    /usr/lib/jvm/java-8-openjdk-amd64/jre/bin/java
557fbc73d000-557fbc73e000 rw-p 00001000 08:01 6162902                    /usr/lib/jvm/java-8-openjdk-amd64/jre/bin/java
557fbdcc1000-557fbdce2000 rw-p 00000000 00:00 0                          [heap]
7f73b0000000-7f73b0021000 rw-p 00000000 00:00 0 
7f73b0021000-7f73b4000000 ---p 00000000 00:00 0 
7f73b4000000-7f73b4021000 rw-p 00000000 00:00 0 
7f73b4021000-7f73b8000000 ---p 00000000 00:00 0 
7f73b8000000-7f73b8021000 rw-p 00000000 00:00 0 
7f73b8021000-7f73bc000000 ---p 00000000 00:00 0 
7f73bc000000-7f73bc0f8000 rw-p 00000000 00:00 0 
7f73bc0f8000-7f73c0000000 ---p 00000000 00:00 0 
7f73c0000000-7f73c0021000 rw-p 00000000 00:00 0 
7f73c0021000-7f73c4000000 ---p 00000000 00:00 0 
7f73c5953000-7f73c5993000 rw-p 00000000 00:00 0 
7f73c5993000-7f73c5b56000 ---p 00000000 00:00 0 
7f73c5b56000-7f73c5c54000 rw-p 00000000 00:00 0 
7f73c5c54000-7f73c5c57000 ---p 00000000 00:00 0 
7f73c5c57000-7f73c5f55000 rw-p 00000000 00:00 0 
7f73c5f55000-7f73c6155000 rw-p 00000000 00:00 0 
7f73c6155000-7f73c6355000 rw-p 00000000 00:00 0 
7f73c6355000-7f73c6356000 ---p 00000000 00:00 0 
7f73c6356000-7f73c6359000 ---p 00000000 00:00 0 
7f73c6359000-7f73c6b56000 rw-p 00000000 00:00 0 
7f73c6b56000-7f73c6b5f000 r-xp 00000000 08:01 6165899                    /usr/lib/jvm/java-8-openjdk-amd64/jre/lib/amd64/libmanagement.so
7f73c6b5f000-7f73c6d5e000 ---p 00009000 08:01 6165899                    /usr/lib/jvm/java-8-openjdk-amd64/jre/lib/amd64/libmanagement.so
7f73c6d5e000-7f73c6d5f000 r--p 00008000 08:01 6165899                    /usr/lib/jvm/java-8-openjdk-amd64/jre/lib/amd64/libmanagement.so
7f73c6d5f000-7f73c6d60000 rw-p 00009000 08:01 6165899                    /usr/lib/jvm/java-8-openjdk-amd64/jre/lib/amd64/libmanagement.so
7f73c6d60000-7f73c6d74000 r-xp 00000000 08:01 660089                     /lib/x86_64-linux-gnu/libgpg-error.so.0.22.0
7f73c6d74000-7f73c6f73000 ---p 00014000 08:01 660089                     /lib/x86_64-linux-gnu/libgpg-error.so.0.22.0
7f73c6f73000-7f73c6f74000 r--p 00013000 08:01 660089                     /lib/x86_64-linux-gnu/libgpg-error.so.0.22.0
7f73c6f74000-7f73c6f75000 rw-p 00014000 08:01 660089                     /lib/x86_64-linux-gnu/libgpg-error.so.0.22.0
7f73c6f75000-7f73c7089000 r-xp 00000000 08:01 655383                     /lib/x86_64-linux-gnu/libgcrypt.so.20.2.1
7f73c7089000-7f73c7288000 ---p 00114000 08:01 655383                     /lib/x86_64-linux-gnu/libgcrypt.so.20.2.1
7f73c7288000-7f73c728a000 r--p 00113000 08:01 655383                     /lib/x86_64-linux-gnu/libgcrypt.so.20.2.1
7f73c728a000-7f73c728f000 rw-p 00115000 08:01 655383                     /lib/x86_64-linux-gnu/libgcrypt.so.20.2.1
7f73c728f000-7f73c7290000 rw-p 00000000 00:00 0 
7f73c7290000-7f73c72ab000 r-xp 00000000 08:01 6169014                    /usr/lib/x86_64-linux-gnu/liblz4.so.1.7.1
7f73c72ab000-7f73c74aa000 ---p 0001b000 08:01 6169014                    /usr/lib/x86_64-linux-gnu/liblz4.so.1.7.1
7f73c74aa000-7f73c74ab000 r--p 0001a000 08:01 6169014                    /usr/lib/x86_64-linux-gnu/liblz4.so.1.7.1
7f73c74ab000-7f73c74ac000 rw-p 0001b000 08:01 6169014                    /usr/lib/x86_64-linux-gnu/liblz4.so.1.7.1
7f73c74ac000-7f73c74d0000 r-xp 00000000 08:01 660108                     /lib/x86_64-linux-gnu/liblzma.so.5.2.2
7f73c74d0000-7f73c76d0000 ---p 00024000 08:01 660108                     /lib/x86_64-linux-gnu/liblzma.so.5.2.2
7f73c76d0000-7f73c76d1000 r--p 00024000 08:01 660108                     /lib/x86_64-linux-gnu/liblzma.so.5.2.2
7f73c76d1000-7f73c76d2000 rw-p 00025000 08:01 660108                     /lib/x86_64-linux-gnu/liblzma.so.5.2.2
7f73c76d2000-7f73c7752000 r-xp 00000000 08:01 655743                     /lib/x86_64-linux-gnu/libsystemd.so.0.21.0
7f73c7752000-7f73c7951000 ---p 00080000 08:01 655743                     /lib/x86_64-linux-gnu/libsystemd.so.0.21.0
7f73c7951000-7f73c7954000 r--p 0007f000 08:01 655743                     /lib/x86_64-linux-gnu/libsystemd.so.0.21.0
7f73c7954000-7f73c7955000 rw-p 00082000 08:01 655743                     /lib/x86_64-linux-gnu/libsystemd.so.0.21.0
7f73c7955000-7f73c7956000 rw-p 00000000 00:00 0 
7f73c7956000-7f73c79c6000 r-xp 00000000 08:01 660170                     /lib/x86_64-linux-gnu/libpcre.so.3.13.3
7f73c79c6000-7f73c7bc6000 ---p 00070000 08:01 660170                     /lib/x86_64-linux-gnu/libpcre.so.3.13.3
7f73c7bc6000-7f73c7bc7000 r--p 00070000 08:01 660170                     /lib/x86_64-linux-gnu/libpcre.so.3.13.3
7f73c7bc7000-7f73c7bc8000 rw-p 00071000 08:01 660170                     /lib/x86_64-linux-gnu/libpcre.so.3.13.3
7f73c7bc8000-7f73c7bcf000 r-xp 00000000 08:01 6168648                    /usr/lib/x86_64-linux-gnu/libffi.so.6.0.4
7f73c7bcf000-7f73c7dce000 ---p 00007000 08:01 6168648                    /usr/lib/x86_64-linux-gnu/libffi.so.6.0.4
7f73c7dce000-7f73c7dcf000 r--p 00006000 08:01 6168648                    /usr/lib/x86_64-linux-gnu/libffi.so.6.0.4
7f73c7dcf000-7f73c7dd0000 rw-p 00007000 08:01 6168648                    /usr/lib/x86_64-linux-gnu/libffi.so.6.0.4
7f73c7dd0000-7f73c7dfc000 r-xp 00000000 08:01 6168396                    /usr/lib/x86_64-linux-gnu/libatspi.so.0.0.1
7f73c7dfc000-7f73c7ffc000 ---p 0002c000 08:01 6168396                    /usr/lib/x86_64-linux-gnu/libatspi.so.0.0.1
7f73c7ffc000-7f73c7fff000 r--p 0002c000 08:01 6168396                    /usr/lib/x86_64-linux-gnu/libatspi.so.0.0.1
7f73c7fff000-7f73c8000000 rw-p 0002f000 08:01 6168396                    /usr/lib/x86_64-linux-gnu/libatspi.so.0.0.1
7f73c8000000-7f73c8021000 rw-p 00000000 00:00 0 
7f73c8021000-7f73cc000000 ---p 00000000 00:00 0 
7f73cc0d7000-7f73cc0da000 ---p 00000000 00:00 0 
7f73cc0da000-7f73cc1d8000 rw-p 00000000 00:00 0 
7f73cc1d8000-7f73cc223000 r-xp 00000000 08:01 655388                     /lib/x86_64-linux-gnu/libdbus-1.so.3.19.4
7f73cc223000-7f73cc423000 ---p 0004b000 08:01 655388                     /lib/x86_64-linux-gnu/libdbus-1.so.3.19.4
7f73cc423000-7f73cc424000 r--p 0004b000 08:01 655388                     /lib/x86_64-linux-gnu/libdbus-1.so.3.19.4
7f73cc424000-7f73cc425000 rw-p 0004c000 08:01 655388                     /lib/x86_64-linux-gnu/libdbus-1.so.3.19.4
7f73cc425000-7f73cc539000 r-xp 00000000 08:01 6160971                    /usr/lib/x86_64-linux-gnu/libglib-2.0.so.0.5600.4
7f73cc539000-7f73cc738000 ---p 00114000 08:01 6160971                    /usr/lib/x86_64-linux-gnu/libglib-2.0.so.0.5600.4
7f73cc738000-7f73cc739000 r--p 00113000 08:01 6160971                    /usr/lib/x86_64-linux-gnu/libglib-2.0.so.0.5600.4
7f73cc739000-7f73cc73a000 rw-p 00114000 08:01 6160971                    /usr/lib/x86_64-linux-gnu/libglib-2.0.so.0.5600.4
7f73cc73a000-7f73cc73b000 rw-p 00000000 00:00 0 
7f73cc73b000-7f73cc78d000 r-xp 00000000 08:01 6161594                    /usr/lib/x86_64-linux-gnu/libgobject-2.0.so.0.5600.4
7f73cc78d000-7f73cc98d000 ---p 00052000 08:01 6161594                    /usr/lib/x86_64-linux-gnu/libgobject-2.0.so.0.5600.4
7f73cc98d000-7f73cc98e000 r--p 00052000 08:01 6161594                    /usr/lib/x86_64-linux-gnu/libgobject-2.0.so.0.5600.4
7f73cc98e000-7f73cc98f000 rw-p 00053000 08:01 6161594                    /usr/lib/x86_64-linux-gnu/libgobject-2.0.so.0.5600.4
7f73cc98f000-7f73cc9bd000 r-xp 00000000 08:01 6168394                    /usr/lib/x86_64-linux-gnu/libatk-bridge-2.0.so.0.0.0
7f73cc9bd000-7f73ccbbd000 ---p 0002e000 08:01 6168394                    /usr/lib/x86_64-linux-gnu/libatk-bridge-2.0.so.0.0.0
7f73ccbbd000-7f73ccbbe000 r--p 0002e000 08:01 6168394                    /usr/lib/x86_64-linux-gnu/libatk-bridge-2.0.so.0.0.0
7f73ccbbe000-7f73ccbbf000 rw-p 0002f000 08:01 6168394                    /usr/lib/x86_64-linux-gnu/libatk-bridge-2.0.so.0.0.0
7f73ccbbf000-7f73ccbc0000 rw-p 00000000 00:00 0 
7f73ccbc0000-7f73ccbe2000 r-xp 00000000 08:01 6168392                    /usr/lib/x86_64-linux-gnu/libatk-1.0.so.0.22810.1
7f73ccbe2000-7f73ccde2000 ---p 00022000 08:01 6168392                    /usr/lib/x86_64-linux-gnu/libatk-1.0.so.0.22810.1
7f73ccde2000-7f73ccde5000 r--p 00022000 08:01 6168392                    /usr/lib/x86_64-linux-gnu/libatk-1.0.so.0.22810.1
7f73ccde5000-7f73ccde6000 rw-p 00025000 08:01 6168392                    /usr/lib/x86_64-linux-gnu/libatk-1.0.so.0.22810.1
7f73ccde6000-7f73ccdfd000 r-xp 00000000 08:01 6170252                    /usr/lib/x86_64-linux-gnu/jni/libatk-wrapper.so.6.0.0
7f73ccdfd000-7f73ccffd000 ---p 00017000 08:01 6170252                    /usr/lib/x86_64-linux-gnu/jni/libatk-wrapper.so.6.0.0
7f73ccffd000-7f73ccffe000 r--p 00017000 08:01 6170252                    /usr/lib/x86_64-linux-gnu/jni/libatk-wrapper.so.6.0.0
7f73ccffe000-7f73ccfff000 rw-p 00018000 08:01 6170252                    /usr/lib/x86_64-linux-gnu/jni/libatk-wrapper.so.6.0.0
7f73ccfff000-7f73d0000000 rw-p 00000000 00:00 0 
7f73d0000000-7f73d0021000 rw-p 00000000 00:00 0 
7f73d0021000-7f73d4000000 ---p 00000000 00:00 0 
7f73d4000000-7f73d4021000 rw-p 00000000 00:00 0 
7f73d4021000-7f73d8000000 ---p 00000000 00:00 0 
7f73d8000000-7f73d8021000 rw-p 00000000 00:00 0 
7f73d8021000-7f73dc000000 ---p 00000000 00:00 0 
7f73dc000000-7f73dc021000 rw-p 00000000 00:00 0 
7f73dc021000-7f73e0000000 ---p 00000000 00:00 0 
7f73e0000000-7f73e056d000 rw-p 00000000 00:00 0 
7f73e056d000-7f73e4000000 ---p 00000000 00:00 0 
7f73e4000000-7f73e47df000 rw-p 00000000 00:00 0 
7f73e47df000-7f73e8000000 ---p 00000000 00:00 0 
7f73e8000000-7f73e8021000 rw-p 00000000 00:00 0 
7f73e8021000-7f73ec000000 ---p 00000000 00:00 0 
7f73ec000000-7f73ecbf6000 rw-p 00000000 00:00 0 
7f73ecbf6000-7f73f0000000 ---p 00000000 00:00 0 
7f73f0000000-7f73f0021000 rw-p 00000000 00:00 0 
7f73f0021000-7f73f4000000 ---p 00000000 00:00 0 
7f73f4000000-7f73f4021000 rw-p 00000000 00:00 0 
7f73f4021000-7f73f8000000 ---p 00000000 00:00 0 
7f73f8000000-7f73f8021000 rw-p 00000000 00:00 0 
7f73f8021000-7f73fc000000 ---p 00000000 00:00 0 
7f73fc000000-7f73fc021000 rw-p 00000000 00:00 0 
7f73fc021000-7f7400000000 ---p 00000000 00:00 0 
7f7400000000-7f7400021000 rw-p 00000000 00:00 0 
7f7400021000-7f7404000000 ---p 00000000 00:00 0 
7f74040d3000-7f74040d6000 ---p 00000000 00:00 0 
7f74040d6000-7f74041d4000 rw-p 00000000 00:00 0 
7f74041d4000-7f74041ea000 r-xp 00000000 08:01 6165903                    /usr/lib/jvm/java-8-openjdk-amd64/jre/lib/amd64/libnet.so
7f74041ea000-7f74043e9000 ---p 00016000 08:01 6165903                    /usr/lib/jvm/java-8-openjdk-amd64/jre/lib/amd64/libnet.so
7f74043e9000-7f74043ea000 r--p 00015000 08:01 6165903                    /usr/lib/jvm/java-8-openjdk-amd64/jre/lib/amd64/libnet.so
7f74043ea000-7f74043eb000 rw-p 00016000 08:01 6165903                    /usr/lib/jvm/java-8-openjdk-amd64/jre/lib/amd64/libnet.so
7f74043eb000-7f74043fc000 r-xp 00000000 08:01 6165905                    /usr/lib/jvm/java-8-openjdk-amd64/jre/lib/amd64/libnio.so
7f74043fc000-7f74045fb000 ---p 00011000 08:01 6165905                    /usr/lib/jvm/java-8-openjdk-amd64/jre/lib/amd64/libnio.so
7f74045fb000-7f74045fc000 r--p 00010000 08:01 6165905                    /usr/lib/jvm/java-8-openjdk-amd64/jre/lib/amd64/libnio.so
7f74045fc000-7f74045fd000 rw-p 00011000 08:01 6165905                    /usr/lib/jvm/java-8-openjdk-amd64/jre/lib/amd64/libnio.so
7f74045fd000-7f7404600000 ---p 00000000 00:00 0 
7f7404600000-7f74046fe000 rw-p 00000000 00:00 0 
7f74046fe000-7f7404703000 r-xp 00000000 08:01 6168321                    /usr/lib/x86_64-linux-gnu/libXfixes.so.3.1.0
7f7404703000-7f7404902000 ---p 00005000 08:01 6168321                    /usr/lib/x86_64-linux-gnu/libXfixes.so.3.1.0
7f7404902000-7f7404903000 r--p 00004000 08:01 6168321                    /usr/lib/x86_64-linux-gnu/libXfixes.so.3.1.0
7f7404903000-7f7404904000 rw-p 00005000 08:01 6168321                    /usr/lib/x86_64-linux-gnu/libXfixes.so.3.1.0
7f7404904000-7f740490d000 r-xp 00000000 08:01 6168313                    /usr/lib/x86_64-linux-gnu/libXcursor.so.1.0.2
7f740490d000-7f7404b0c000 ---p 00009000 08:01 6168313                    /usr/lib/x86_64-linux-gnu/libXcursor.so.1.0.2
7f7404b0c000-7f7404b0d000 r--p 00008000 08:01 6168313                    /usr/lib/x86_64-linux-gnu/libXcursor.so.1.0.2
7f7404b0d000-7f7404b0e000 rw-p 00009000 08:01 6168313                    /usr/lib/x86_64-linux-gnu/libXcursor.so.1.0.2
7f7404b0e000-7f7404b11000 ---p 00000000 00:00 0 
7f7404b11000-7f7404c0f000 rw-p 00000000 00:00 0 
7f7404c0f000-7f7404c40000 r-xp 00000000 08:01 6162183                    /usr/lib/x86_64-linux-gnu/libpng16.so.16.34.0
7f7404c40000-7f7404e3f000 ---p 00031000 08:01 6162183                    /usr/lib/x86_64-linux-gnu/libpng16.so.16.34.0
7f7404e3f000-7f7404e40000 r--p 00030000 08:01 6162183                    /usr/lib/x86_64-linux-gnu/libpng16.so.16.34.0
7f7404e40000-7f7404e41000 rw-p 00031000 08:01 6162183                    /usr/lib/x86_64-linux-gnu/libpng16.so.16.34.0
7f7404e41000-7f7404eee000 r-xp 00000000 08:01 6168680                    /usr/lib/x86_64-linux-gnu/libfreetype.so.6.15.0
7f7404eee000-7f74050ed000 ---p 000ad000 08:01 6168680                    /usr/lib/x86_64-linux-gnu/libfreetype.so.6.15.0
7f74050ed000-7f74050f4000 r--p 000ac000 08:01 6168680                    /usr/lib/x86_64-linux-gnu/libfreetype.so.6.15.0
7f74050f4000-7f74050f5000 rw-p 000b3000 08:01 6168680                    /usr/lib/x86_64-linux-gnu/libfreetype.so.6.15.0
7f74050f5000-7f7405144000 r-xp 00000000 08:01 6163489                    /usr/lib/jvm/java-8-openjdk-amd64/jre/lib/amd64/libfontmanager.so
7f7405144000-7f7405344000 ---p 0004f000 08:01 6163489                    /usr/lib/jvm/java-8-openjdk-amd64/jre/lib/amd64/libfontmanager.so
7f7405344000-7f7405346000 r--p 0004f000 08:01 6163489                    /usr/lib/jvm/java-8-openjdk-amd64/jre/lib/amd64/libfontmanager.so
7f7405346000-7f7405347000 rw-p 00051000 08:01 6163489                    /usr/lib/jvm/java-8-openjdk-amd64/jre/lib/amd64/libfontmanager.so
7f7405347000-7f740535a000 r-xp 00000000 08:01 660044                     /lib/x86_64-linux-gnu/libbsd.so.0.8.7
7f740535a000-7f7405559000 ---p 00013000 08:01 660044                     /lib/x86_64-linux-gnu/libbsd.so.0.8.7
7f7405559000-7f740555a000 r--p 00012000 08:01 660044                     /lib/x86_64-linux-gnu/libbsd.so.0.8.7
7f740555a000-7f740555b000 rw-p 00013000 08:01 660044                     /lib/x86_64-linux-gnu/libbsd.so.0.8.7
7f740555b000-7f740555c000 rw-p 00000000 00:00 0 
7f740555c000-7f7405561000 r-xp 00000000 08:01 6168317                    /usr/lib/x86_64-linux-gnu/libXdmcp.so.6.0.0
7f7405561000-7f7405760000 ---p 00005000 08:01 6168317                    /usr/lib/x86_64-linux-gnu/libXdmcp.so.6.0.0
7f7405760000-7f7405761000 r--p 00004000 08:01 6168317                    /usr/lib/x86_64-linux-gnu/libXdmcp.so.6.0.0
7f7405761000-7f7405762000 rw-p 00005000 08:01 6168317                    /usr/lib/x86_64-linux-gnu/libXdmcp.so.6.0.0
7f7405762000-7f7405764000 r-xp 00000000 08:01 6168306                    /usr/lib/x86_64-linux-gnu/libXau.so.6.0.0
7f7405764000-7f7405964000 ---p 00002000 08:01 6168306                    /usr/lib/x86_64-linux-gnu/libXau.so.6.0.0
7f7405964000-7f7405965000 r--p 00002000 08:01 6168306                    /usr/lib/x86_64-linux-gnu/libXau.so.6.0.0
7f7405965000-7f7405966000 rw-p 00003000 08:01 6168306                    /usr/lib/x86_64-linux-gnu/libXau.so.6.0.0
7f7405966000-7f740598c000 r-xp 00000000 08:01 6165270                    /usr/lib/x86_64-linux-gnu/libxcb.so.1.1.0
7f740598c000-7f7405b8c000 ---p 00026000 08:01 6165270                    /usr/lib/x86_64-linux-gnu/libxcb.so.1.1.0
7f7405b8c000-7f7405b8d000 r--p 00026000 08:01 6165270                    /usr/lib/x86_64-linux-gnu/libxcb.so.1.1.0
7f7405b8d000-7f7405b8e000 rw-p 00027000 08:01 6165270                    /usr/lib/x86_64-linux-gnu/libxcb.so.1.1.0
7f7405b8e000-7f7405b9d000 r-xp 00000000 08:01 6168327                    /usr/lib/x86_64-linux-gnu/libXi.so.6.1.0
7f7405b9d000-7f7405d9c000 ---p 0000f000 08:01 6168327                    /usr/lib/x86_64-linux-gnu/libXi.so.6.1.0
7f7405d9c000-7f7405d9d000 r--p 0000e000 08:01 6168327                    /usr/lib/x86_64-linux-gnu/libXi.so.6.1.0
7f7405d9d000-7f7405d9e000 rw-p 0000f000 08:01 6168327                    /usr/lib/x86_64-linux-gnu/libXi.so.6.1.0
7f7405d9e000-7f7405da3000 r-xp 00000000 08:01 6168345                    /usr/lib/x86_64-linux-gnu/libXtst.so.6.1.0
7f7405da3000-7f7405fa2000 ---p 00005000 08:01 6168345                    /usr/lib/x86_64-linux-gnu/libXtst.so.6.1.0
7f7405fa2000-7f7405fa3000 r--p 00004000 08:01 6168345                    /usr/lib/x86_64-linux-gnu/libXtst.so.6.1.0
7f7405fa3000-7f7405fa4000 rw-p 00005000 08:01 6168345                    /usr/lib/x86_64-linux-gnu/libXtst.so.6.1.0
7f7405fa4000-7f7405fad000 r-xp 00000000 08:01 6168339                    /usr/lib/x86_64-linux-gnu/libXrender.so.1.3.0
7f7405fad000-7f74061ac000 ---p 00009000 08:01 6168339                    /usr/lib/x86_64-linux-gnu/libXrender.so.1.3.0
7f74061ac000-7f74061ad000 r--p 00008000 08:01 6168339                    /usr/lib/x86_64-linux-gnu/libXrender.so.1.3.0
7f74061ad000-7f74061ae000 rw-p 00009000 08:01 6168339                    /usr/lib/x86_64-linux-gnu/libXrender.so.1.3.0
7f74061ae000-7f74062e1000 r-xp 00000000 08:01 6161537                    /usr/lib/x86_64-linux-gnu/libX11.so.6.3.0
7f74062e1000-7f74064e1000 ---p 00133000 08:01 6161537                    /usr/lib/x86_64-linux-gnu/libX11.so.6.3.0
7f74064e1000-7f74064e2000 r--p 00133000 08:01 6161537                    /usr/lib/x86_64-linux-gnu/libX11.so.6.3.0
7f74064e2000-7f74064e6000 rw-p 00134000 08:01 6161537                    /usr/lib/x86_64-linux-gnu/libX11.so.6.3.0
7f74064e6000-7f74064f7000 r-xp 00000000 08:01 6168319                    /usr/lib/x86_64-linux-gnu/libXext.so.6.4.0
7f74064f7000-7f74066f6000 ---p 00011000 08:01 6168319                    /usr/lib/x86_64-linux-gnu/libXext.so.6.4.0
7f74066f6000-7f74066f7000 r--p 00010000 08:01 6168319                    /usr/lib/x86_64-linux-gnu/libXext.so.6.4.0
7f74066f7000-7f74066f8000 rw-p 00011000 08:01 6168319                    /usr/lib/x86_64-linux-gnu/libXext.so.6.4.0
7f74066f8000-7f7406752000 r-xp 00000000 08:01 6163487                    /usr/lib/jvm/java-8-openjdk-amd64/jre/lib/amd64/libawt_xawt.so
7f7406752000-7f7406952000 ---p 0005a000 08:01 6163487                    /usr/lib/jvm/java-8-openjdk-amd64/jre/lib/amd64/libawt_xawt.so
7f7406952000-7f7406953000 r--p 0005a000 08:01 6163487                    /usr/lib/jvm/java-8-openjdk-amd64/jre/lib/amd64/libawt_xawt.so
7f7406953000-7f7406956000 rw-p 0005b000 08:01 6163487                    /usr/lib/jvm/java-8-openjdk-amd64/jre/lib/amd64/libawt_xawt.so
7f7406956000-7f7406958000 rw-p 00000000 00:00 0 
7f7406958000-7f74069f7000 r-xp 00000000 08:01 6163484                    /usr/lib/jvm/java-8-openjdk-amd64/jre/lib/amd64/libawt.so
7f74069f7000-7f7406bf6000 ---p 0009f000 08:01 6163484                    /usr/lib/jvm/java-8-openjdk-amd64/jre/lib/amd64/libawt.so
7f7406bf6000-7f7406bf7000 r--p 0009e000 08:01 6163484                    /usr/lib/jvm/java-8-openjdk-amd64/jre/lib/amd64/libawt.so
7f7406bf7000-7f7406c02000 rw-p 0009f000 08:01 6163484                    /usr/lib/jvm/java-8-openjdk-amd64/jre/lib/amd64/libawt.so
7f7406c02000-7f7406c27000 rw-p 00000000 00:00 0 
7f7406c27000-7f7406c28000 ---p 00000000 00:00 0 
7f7406c28000-7f7406d28000 rw-p 00000000 00:00 0 
7f7406d28000-7f7406d2b000 ---p 00000000 00:00 0 
7f7406d2b000-7f7406e29000 rw-p 00000000 00:00 0 
7f7406e29000-7f7406e2a000 ---p 00000000 00:00 0 
7f7406e2a000-7f7406e2d000 ---p 00000000 00:00 0 
7f7406e2d000-7f7406f2a000 rw-p 00000000 00:00 0 
7f7406f2a000-7f7406f2b000 ---p 00000000 00:00 0 
7f7406f2b000-7f7406f2e000 ---p 00000000 00:00 0 
7f7406f2e000-7f740702b000 rw-p 00000000 00:00 0 
7f740702b000-7f740702c000 ---p 00000000 00:00 0 
7f740702c000-7f740702f000 ---p 00000000 00:00 0 
7f740702f000-7f740712c000 rw-p 00000000 00:00 0 
7f740712c000-7f740712f000 ---p 00000000 00:00 0 
7f740712f000-7f740722d000 rw-p 00000000 00:00 0 
7f740722d000-7f7407bfc000 r--p 00000000 08:01 6167233                    /usr/lib/locale/locale-archive
7f7407bfc000-7f7407bff000 ---p 00000000 00:00 0 
7f7407bff000-7f7407cfd000 rw-p 00000000 00:00 0 
7f7407cfd000-7f7407d00000 ---p 00000000 00:00 0 
7f7407d00000-7f7407dfe000 rw-p 00000000 00:00 0 
7f7407dfe000-7f7407dff000 ---p 00000000 00:00 0 
7f7407dff000-7f7408000000 rw-p 00000000 00:00 0 
7f7408000000-7f7408021000 rw-p 00000000 00:00 0 
7f7408021000-7f740c000000 ---p 00000000 00:00 0 
7f740c0ef000-7f7410000000 rw-p 00000000 00:00 0 
7f7410000000-7f7410021000 rw-p 00000000 00:00 0 
7f7410021000-7f7414000000 ---p 00000000 00:00 0 
7f741405a000-7f741405d000 ---p 00000000 00:00 0 
7f741405d000-7f7414093000 rw-p 00000000 00:00 0 
7f7414093000-7f74140a6000 r--s 00346000 08:01 6166538                    /usr/lib/jvm/java-8-openjdk-amd64/jre/lib/resources.jar
7f74140a6000-7f74140c1000 r--s 001d6000 08:01 6165957                    /usr/lib/jvm/java-8-openjdk-amd64/jre/lib/ext/nashorn.jar
7f74140c1000-7f7414e31000 rw-p 00000000 00:00 0 
7f7414e31000-7f7415000000 r--s 03c3b000 08:01 6166539                    /usr/lib/jvm/java-8-openjdk-amd64/jre/lib/rt.jar
7f7415000000-7f74156e0000 rwxp 00000000 00:00 0 
7f74156e0000-7f7424000000 ---p 00000000 00:00 0 
7f7424000000-7f7424379000 rw-p 00000000 00:00 0 
7f7424379000-7f7428000000 ---p 00000000 00:00 0 
7f7428000000-7f742801b000 r--s 00394000 08:01 6165947                    /usr/lib/jvm/java-8-openjdk-amd64/jre/lib/ext/cldrdata.jar
7f742801b000-7f7428ce1000 rw-p 00000000 00:00 0 
7f7428ce1000-7f7428ce2000 ---p 00000000 00:00 0 
7f7428ce2000-7f7428de2000 rw-p 00000000 00:00 0 
7f7428de2000-7f7428de3000 ---p 00000000 00:00 0 
7f7428de3000-7f7428ee3000 rw-p 00000000 00:00 0 
7f7428ee3000-7f7428ee4000 ---p 00000000 00:00 0 
7f7428ee4000-7f7428fe4000 rw-p 00000000 00:00 0 
7f7428fe4000-7f7428fe5000 ---p 00000000 00:00 0 
7f7428fe5000-7f742910f000 rw-p 00000000 00:00 0 
7f742910f000-7f742937b000 ---p 00000000 00:00 0 
7f742937b000-7f74293a5000 rw-p 00000000 00:00 0 
7f74293a5000-7f7429611000 ---p 00000000 00:00 0 
7f7429611000-7f7429626000 rw-p 00000000 00:00 0 
7f7429626000-7f742975c000 ---p 00000000 00:00 0 
7f742975c000-7f7429779000 rw-p 00000000 00:00 0 
7f7429779000-7f7429b1d000 ---p 00000000 00:00 0 
7f7429b1d000-7f7429b25000 r-xp 00000000 08:01 6165919                    /usr/lib/jvm/java-8-openjdk-amd64/jre/lib/amd64/libzip.so
7f7429b25000-7f7429d24000 ---p 00008000 08:01 6165919                    /usr/lib/jvm/java-8-openjdk-amd64/jre/lib/amd64/libzip.so
7f7429d24000-7f7429d25000 r--p 00007000 08:01 6165919                    /usr/lib/jvm/java-8-openjdk-amd64/jre/lib/amd64/libzip.so
7f7429d25000-7f7429d26000 rw-p 00008000 08:01 6165919                    /usr/lib/jvm/java-8-openjdk-amd64/jre/lib/amd64/libzip.so
7f7429d26000-7f7429d31000 r-xp 00000000 08:01 660138                     /lib/x86_64-linux-gnu/libnss_files-2.27.so
7f7429d31000-7f7429f30000 ---p 0000b000 08:01 660138                     /lib/x86_64-linux-gnu/libnss_files-2.27.so
7f7429f30000-7f7429f31000 r--p 0000a000 08:01 660138                     /lib/x86_64-linux-gnu/libnss_files-2.27.so
7f7429f31000-7f7429f32000 rw-p 0000b000 08:01 660138                     /lib/x86_64-linux-gnu/libnss_files-2.27.so
7f7429f32000-7f7429f38000 rw-p 00000000 00:00 0 
7f7429f38000-7f7429f4f000 r-xp 00000000 08:01 660132                     /lib/x86_64-linux-gnu/libnsl-2.27.so
7f7429f4f000-7f742a14e000 ---p 00017000 08:01 660132                     /lib/x86_64-linux-gnu/libnsl-2.27.so
7f742a14e000-7f742a14f000 r--p 00016000 08:01 660132                     /lib/x86_64-linux-gnu/libnsl-2.27.so
7f742a14f000-7f742a150000 rw-p 00017000 08:01 660132                     /lib/x86_64-linux-gnu/libnsl-2.27.so
7f742a150000-7f742a152000 rw-p 00000000 00:00 0 
7f742a152000-7f742a15d000 r-xp 00000000 08:01 660149                     /lib/x86_64-linux-gnu/libnss_nis-2.27.so
7f742a15d000-7f742a35c000 ---p 0000b000 08:01 660149                     /lib/x86_64-linux-gnu/libnss_nis-2.27.so
7f742a35c000-7f742a35d000 r--p 0000a000 08:01 660149                     /lib/x86_64-linux-gnu/libnss_nis-2.27.so
7f742a35d000-7f742a35e000 rw-p 0000b000 08:01 660149                     /lib/x86_64-linux-gnu/libnss_nis-2.27.so
7f742a35e000-7f742a366000 r-xp 00000000 08:01 660134                     /lib/x86_64-linux-gnu/libnss_compat-2.27.so
7f742a366000-7f742a566000 ---p 00008000 08:01 660134                     /lib/x86_64-linux-gnu/libnss_compat-2.27.so
7f742a566000-7f742a567000 r--p 00008000 08:01 660134                     /lib/x86_64-linux-gnu/libnss_compat-2.27.so
7f742a567000-7f742a568000 rw-p 00009000 08:01 660134                     /lib/x86_64-linux-gnu/libnss_compat-2.27.so
7f742a568000-7f742a594000 r-xp 00000000 08:01 6163516                    /usr/lib/jvm/java-8-openjdk-amd64/jre/lib/amd64/libjava.so
7f742a594000-7f742a793000 ---p 0002c000 08:01 6163516                    /usr/lib/jvm/java-8-openjdk-amd64/jre/lib/amd64/libjava.so
7f742a793000-7f742a794000 r--p 0002b000 08:01 6163516                    /usr/lib/jvm/java-8-openjdk-amd64/jre/lib/amd64/libjava.so
7f742a794000-7f742a796000 rw-p 0002c000 08:01 6163516                    /usr/lib/jvm/java-8-openjdk-amd64/jre/lib/amd64/libjava.so
7f742a796000-7f742a7a6000 r-xp 00000000 08:01 6165917                    /usr/lib/jvm/java-8-openjdk-amd64/jre/lib/amd64/libverify.so
7f742a7a6000-7f742a9a5000 ---p 00010000 08:01 6165917                    /usr/lib/jvm/java-8-openjdk-amd64/jre/lib/amd64/libverify.so
7f742a9a5000-7f742a9a7000 r--p 0000f000 08:01 6165917                    /usr/lib/jvm/java-8-openjdk-amd64/jre/lib/amd64/libverify.so
7f742a9a7000-7f742a9a8000 rw-p 00011000 08:01 6165917                    /usr/lib/jvm/java-8-openjdk-amd64/jre/lib/amd64/libverify.so
7f742a9a8000-7f742a9af000 r-xp 00000000 08:01 660189                     /lib/x86_64-linux-gnu/librt-2.27.so
7f742a9af000-7f742abae000 ---p 00007000 08:01 660189                     /lib/x86_64-linux-gnu/librt-2.27.so
7f742abae000-7f742abaf000 r--p 00006000 08:01 660189                     /lib/x86_64-linux-gnu/librt-2.27.so
7f742abaf000-7f742abb0000 rw-p 00007000 08:01 660189                     /lib/x86_64-linux-gnu/librt-2.27.so
7f742abb0000-7f742abc7000 r-xp 00000000 08:01 655420                     /lib/x86_64-linux-gnu/libgcc_s.so.1
7f742abc7000-7f742adc6000 ---p 00017000 08:01 655420                     /lib/x86_64-linux-gnu/libgcc_s.so.1
7f742adc6000-7f742adc7000 r--p 00016000 08:01 655420                     /lib/x86_64-linux-gnu/libgcc_s.so.1
7f742adc7000-7f742adc8000 rw-p 00017000 08:01 655420                     /lib/x86_64-linux-gnu/libgcc_s.so.1
7f742adc8000-7f742af65000 r-xp 00000000 08:01 660111                     /lib/x86_64-linux-gnu/libm-2.27.so
7f742af65000-7f742b164000 ---p 0019d000 08:01 660111                     /lib/x86_64-linux-gnu/libm-2.27.so
7f742b164000-7f742b165000 r--p 0019c000 08:01 660111                     /lib/x86_64-linux-gnu/libm-2.27.so
7f742b165000-7f742b166000 rw-p 0019d000 08:01 660111                     /lib/x86_64-linux-gnu/libm-2.27.so
7f742b166000-7f742b2df000 r-xp 00000000 08:01 6163014                    /usr/lib/x86_64-linux-gnu/libstdc++.so.6.0.25
7f742b2df000-7f742b4df000 ---p 00179000 08:01 6163014                    /usr/lib/x86_64-linux-gnu/libstdc++.so.6.0.25
7f742b4df000-7f742b4e9000 r--p 00179000 08:01 6163014                    /usr/lib/x86_64-linux-gnu/libstdc++.so.6.0.25
7f742b4e9000-7f742b4eb000 rw-p 00183000 08:01 6163014                    /usr/lib/x86_64-linux-gnu/libstdc++.so.6.0.25
7f742b4eb000-7f742b4ef000 rw-p 00000000 00:00 0 
7f742b4ef000-7f742c18c000 r-xp 00000000 08:01 6165923                    /usr/lib/jvm/java-8-openjdk-amd64/jre/lib/amd64/server/libjvm.so
7f742c18c000-7f742c38b000 ---p 00c9d000 08:01 6165923                    /usr/lib/jvm/java-8-openjdk-amd64/jre/lib/amd64/server/libjvm.so
7f742c38b000-7f742c41f000 r--p 00c9c000 08:01 6165923                    /usr/lib/jvm/java-8-openjdk-amd64/jre/lib/amd64/server/libjvm.so
7f742c41f000-7f742c448000 rw-p 00d30000 08:01 6165923                    /usr/lib/jvm/java-8-openjdk-amd64/jre/lib/amd64/server/libjvm.so
7f742c448000-7f742c478000 rw-p 00000000 00:00 0 
7f742c478000-7f742c492000 r-xp 00000000 08:01 660181                     /lib/x86_64-linux-gnu/libpthread-2.27.so
7f742c492000-7f742c691000 ---p 0001a000 08:01 660181                     /lib/x86_64-linux-gnu/libpthread-2.27.so
7f742c691000-7f742c692000 r--p 00019000 08:01 660181                     /lib/x86_64-linux-gnu/libpthread-2.27.so
7f742c692000-7f742c693000 rw-p 0001a000 08:01 660181                     /lib/x86_64-linux-gnu/libpthread-2.27.so
7f742c693000-7f742c697000 rw-p 00000000 00:00 0 
7f742c697000-7f742c69a000 r-xp 00000000 08:01 660071                     /lib/x86_64-linux-gnu/libdl-2.27.so
7f742c69a000-7f742c899000 ---p 00003000 08:01 660071                     /lib/x86_64-linux-gnu/libdl-2.27.so
7f742c899000-7f742c89a000 r--p 00002000 08:01 660071                     /lib/x86_64-linux-gnu/libdl-2.27.so
7f742c89a000-7f742c89b000 rw-p 00003000 08:01 660071                     /lib/x86_64-linux-gnu/libdl-2.27.so
7f742c89b000-7f742c8b7000 r-xp 00000000 08:01 660220                     /lib/x86_64-linux-gnu/libz.so.1.2.11
7f742c8b7000-7f742cab6000 ---p 0001c000 08:01 660220                     /lib/x86_64-linux-gnu/libz.so.1.2.11
7f742cab6000-7f742cab7000 r--p 0001b000 08:01 660220                     /lib/x86_64-linux-gnu/libz.so.1.2.11
7f742cab7000-7f742cab8000 rw-p 0001c000 08:01 660220                     /lib/x86_64-linux-gnu/libz.so.1.2.11
7f742cab8000-7f742cc9f000 r-xp 00000000 08:01 660048                     /lib/x86_64-linux-gnu/libc-2.27.so
7f742cc9f000-7f742ce9f000 ---p 001e7000 08:01 660048                     /lib/x86_64-linux-gnu/libc-2.27.so
7f742ce9f000-7f742cea3000 r--p 001e7000 08:01 660048                     /lib/x86_64-linux-gnu/libc-2.27.so
7f742cea3000-7f742cea5000 rw-p 001eb000 08:01 660048                     /lib/x86_64-linux-gnu/libc-2.27.so
7f742cea5000-7f742cea9000 rw-p 00000000 00:00 0 
7f742cea9000-7f742ceb7000 r-xp 00000000 08:01 6163480                    /usr/lib/jvm/java-8-openjdk-amd64/jre/lib/amd64/jli/libjli.so
7f742ceb7000-7f742d0b6000 ---p 0000e000 08:01 6163480                    /usr/lib/jvm/java-8-openjdk-amd64/jre/lib/amd64/jli/libjli.so
7f742d0b6000-7f742d0b7000 r--p 0000d000 08:01 6163480                    /usr/lib/jvm/java-8-openjdk-amd64/jre/lib/amd64/jli/libjli.so
7f742d0b7000-7f742d0b8000 rw-p 0000e000 08:01 6163480                    /usr/lib/jvm/java-8-openjdk-amd64/jre/lib/amd64/jli/libjli.so
7f742d0b8000-7f742d0df000 r-xp 00000000 08:01 660020                     /lib/x86_64-linux-gnu/ld-2.27.so
7f742d0e4000-7f742d0e8000 r--s 000a1000 08:01 6166533                    /usr/lib/jvm/java-8-openjdk-amd64/jre/lib/jsse.jar
7f742d0e8000-7f742d0ed000 r--s 0003c000 08:01 6165961                    /usr/lib/jvm/java-8-openjdk-amd64/jre/lib/ext/sunjce_provider.jar
7f742d0ed000-7f742d1b8000 rw-p 00000000 00:00 0 
7f742d1b8000-7f742d1b9000 ---p 00000000 00:00 0 
7f742d1b9000-7f742d1bc000 ---p 00000000 00:00 0 
7f742d1bc000-7f742d2bb000 rw-p 00000000 00:00 0 
7f742d2bb000-7f742d2be000 r--s 00039000 08:01 6165963                    /usr/lib/jvm/java-8-openjdk-amd64/jre/lib/ext/sunpkcs11.jar
7f742d2be000-7f742d2c8000 r--s 00116000 08:01 6165955                    /usr/lib/jvm/java-8-openjdk-amd64/jre/lib/ext/localedata.jar
7f742d2c8000-7f742d2ca000 r--s 00007000 08:01 6554169                    /usr/share/java/java-atk-wrapper.jar
7f742d2ca000-7f742d2cb000 r--s 00010000 08:01 6165965                    /usr/lib/jvm/java-8-openjdk-amd64/jre/lib/ext/zipfs.jar
7f742d2cb000-7f742d2cc000 r--s 0000a000 08:01 6165953                    /usr/lib/jvm/java-8-openjdk-amd64/jre/lib/ext/jaccess.jar
7f742d2cc000-7f742d2ce000 r--s 00001000 08:01 6165949                    /usr/lib/jvm/java-8-openjdk-amd64/jre/lib/ext/dnsns.jar
7f742d2ce000-7f742d2d1000 r--s 0000f000 08:01 6165951                    /usr/lib/jvm/java-8-openjdk-amd64/jre/lib/ext/icedtea-sound.jar
7f742d2d1000-7f742d2d3000 r--s 00008000 08:01 6165959                    /usr/lib/jvm/java-8-openjdk-amd64/jre/lib/ext/sunec.jar
7f742d2d3000-7f742d2db000 rw-s 00000000 08:01 15859797                   /tmp/hsperfdata_m1k4/11704
7f742d2db000-7f742d2dc000 rw-p 00000000 00:00 0 
7f742d2dc000-7f742d2dd000 r--p 00000000 00:00 0 
7f742d2dd000-7f742d2df000 rw-p 00000000 00:00 0 
7f742d2df000-7f742d2e0000 r--p 00027000 08:01 660020                     /lib/x86_64-linux-gnu/ld-2.27.so
7f742d2e0000-7f742d2e1000 rw-p 00028000 08:01 660020                     /lib/x86_64-linux-gnu/ld-2.27.so
7f742d2e1000-7f742d2e2000 rw-p 00000000 00:00 0 
7ffd63c23000-7ffd63c44000 rw-p 00000000 00:00 0                          [stack]
7ffd63d62000-7ffd63d65000 r--p 00000000 00:00 0                          [vvar]
7ffd63d65000-7ffd63d67000 r-xp 00000000 00:00 0                          [vdso]
ffffffffff600000-ffffffffff601000 r-xp 00000000 00:00 0                  [vsyscall]

VM Arguments:
jvm_args: -Dfile.encoding=UTF-8 
java_command: br.ufsc.ine5605.siscontroleacesso.SisControleAcesso
java_class_path (initial): /home/m1k4/NetBeansProjects/br.ufsc.ine5605.siscontroleacesso/build/classes
Launcher Type: SUN_STANDARD

Environment Variables:
JAVA_HOME=/usr/lib/jvm/java-11-oracle
PATH=/usr/local/sbin:/usr/local/bin:/usr/sbin:/usr/bin:/sbin:/bin:/usr/games:/usr/local/games:/snap/bin:/usr/lib/jvm/java-11-oracle/bin:/usr/lib/jvm/java-11-oracle/db/bin
USERNAME=m1k4
LD_LIBRARY_PATH=/usr/lib/jvm/java-8-openjdk-amd64/jre/lib/amd64:/usr/lib/jvm/java-8-openjdk-amd64/jre/lib/i386:
SHELL=/bin/bash
DISPLAY=:0

Signal Handlers:
SIGSEGV: [libjvm.so+0xab5000], sa_mask[0]=11111111011111111101111111111110, sa_flags=SA_RESTART|SA_SIGINFO
SIGBUS: [libjvm.so+0xab5000], sa_mask[0]=11111111011111111101111111111110, sa_flags=SA_RESTART|SA_SIGINFO
SIGFPE: [libjvm.so+0x8ea970], sa_mask[0]=11111111011111111101111111111110, sa_flags=SA_RESTART|SA_SIGINFO
SIGPIPE: [libjvm.so+0x8ea970], sa_mask[0]=11111111011111111101111111111110, sa_flags=SA_RESTART|SA_SIGINFO
SIGXFSZ: [libjvm.so+0x8ea970], sa_mask[0]=11111111011111111101111111111110, sa_flags=SA_RESTART|SA_SIGINFO
SIGILL: [libjvm.so+0x8ea970], sa_mask[0]=11111111011111111101111111111110, sa_flags=SA_RESTART|SA_SIGINFO
SIGUSR1: SIG_DFL, sa_mask[0]=00000000000000000000000000000000, sa_flags=none
SIGUSR2: [libjvm.so+0x8ea820], sa_mask[0]=00100000000000000000000000000000, sa_flags=SA_RESTART|SA_SIGINFO
SIGHUP: [libjvm.so+0x8eae90], sa_mask[0]=11111111011111111101111111111110, sa_flags=SA_RESTART|SA_SIGINFO
SIGINT: SIG_IGN, sa_mask[0]=00000000000000000000000000000000, sa_flags=none
SIGTERM: [libjvm.so+0x8eae90], sa_mask[0]=11111111011111111101111111111110, sa_flags=SA_RESTART|SA_SIGINFO
SIGQUIT: [libjvm.so+0x8eae90], sa_mask[0]=11111111011111111101111111111110, sa_flags=SA_RESTART|SA_SIGINFO


---------------  S Y S T E M  ---------------

OS:DISTRIB_ID=Ubuntu
DISTRIB_RELEASE=18.04
DISTRIB_CODENAME=bionic
DISTRIB_DESCRIPTION="Ubuntu 18.04.2 LTS"

uname:Linux 4.15.0-52-generic #56-Ubuntu SMP Tue Jun 4 22:49:08 UTC 2019 x86_64
libc:glibc 2.27 NPTL 2.27 
rlimit: STACK 8192k, CORE 0k, NPROC 31592, NOFILE 1048576, AS infinity
load average:0,98 0,71 0,65

/proc/meminfo:
MemTotal:        8131828 kB
MemFree:         4395604 kB
MemAvailable:    6445992 kB
Buffers:          235640 kB
Cached:          1944396 kB
SwapCached:            0 kB
Active:          2146428 kB
Inactive:        1227756 kB
Active(anon):    1194936 kB
Inactive(anon):     3744 kB
Active(file):     951492 kB
Inactive(file):  1224012 kB
Unevictable:          48 kB
Mlocked:              48 kB
SwapTotal:       2097148 kB
SwapFree:        2097148 kB
Dirty:               848 kB
Writeback:             0 kB
AnonPages:       1160968 kB
Mapped:           246844 kB
Shmem:              4880 kB
Slab:             225092 kB
SReclaimable:     178492 kB
SUnreclaim:        46600 kB
KernelStack:        5424 kB
PageTables:        17236 kB
NFS_Unstable:          0 kB
Bounce:                0 kB
WritebackTmp:          0 kB
CommitLimit:     6163060 kB
Committed_AS:    2670164 kB
VmallocTotal:   34359738367 kB
VmallocUsed:           0 kB
VmallocChunk:          0 kB
HardwareCorrupted:     0 kB
AnonHugePages:         0 kB
ShmemHugePages:        0 kB
ShmemPmdMapped:        0 kB
CmaTotal:              0 kB
CmaFree:               0 kB
HugePages_Total:       0
HugePages_Free:        0
HugePages_Rsvd:        0
HugePages_Surp:        0
Hugepagesize:       2048 kB
DirectMap4k:      235716 kB
DirectMap2M:     8116224 kB

container (cgroup) information:
container_type: cgroupv1
cpu_cpuset_cpus: 0-3
cpu_memory_nodes: 0
active_processor_count: 4
cpu_quota: -1
cpu_period: 100000
cpu_shares: -1
memory_limit_in_bytes: -1
memory_and_swap_limit_in_bytes: -2
memory_soft_limit_in_bytes: -1
memory_usage_in_bytes: 3446595584
memory_max_usage_in_bytes: 0


CPU:total 4 (initial active 4) (4 cores per cpu, 1 threads per core) family 6 model 58 stepping 9, cmov, cx8, fxsr, mmx, sse, sse2, sse3, ssse3, sse4.1, sse4.2, popcnt, avx, aes, clmul, erms, tsc, tscinvbit, tscinv

/proc/cpuinfo:
processor	: 0
vendor_id	: GenuineIntel
cpu family	: 6
model		: 58
model name	: Intel(R) Core(TM) i5-3330 CPU @ 3.00GHz
stepping	: 9
microcode	: 0x21
cpu MHz		: 3000.865
cache size	: 6144 KB
physical id	: 0
siblings	: 4
core id		: 0
cpu cores	: 4
apicid		: 0
initial apicid	: 0
fpu		: yes
fpu_exception	: yes
cpuid level	: 13
wp		: yes
flags		: fpu vme de pse tsc msr pae mce cx8 apic sep mtrr pge mca cmov pat pse36 clflush dts acpi mmx fxsr sse sse2 ss ht tm pbe syscall nx rdtscp lm constant_tsc arch_perfmon pebs bts rep_good nopl xtopology nonstop_tsc cpuid aperfmperf pni pclmulqdq dtes64 monitor ds_cpl vmx est tm2 ssse3 cx16 xtpr pdcm pcid sse4_1 sse4_2 x2apic popcnt tsc_deadline_timer aes xsave avx f16c rdrand lahf_lm cpuid_fault epb pti ssbd ibrs ibpb stibp tpr_shadow vnmi flexpriority ept vpid fsgsbase smep erms xsaveopt dtherm ida arat pln pts md_clear flush_l1d
bugs		: cpu_meltdown spectre_v1 spectre_v2 spec_store_bypass l1tf mds
bogomips	: 5986.68
clflush size	: 64
cache_alignment	: 64
address sizes	: 36 bits physical, 48 bits virtual
power management:

processor	: 1
vendor_id	: GenuineIntel
cpu family	: 6
model		: 58
model name	: Intel(R) Core(TM) i5-3330 CPU @ 3.00GHz
stepping	: 9
microcode	: 0x21
cpu MHz		: 3016.355
cache size	: 6144 KB
physical id	: 0
siblings	: 4
core id		: 1
cpu cores	: 4
apicid		: 2
initial apicid	: 2
fpu		: yes
fpu_exception	: yes
cpuid level	: 13
wp		: yes
flags		: fpu vme de pse tsc msr pae mce cx8 apic sep mtrr pge mca cmov pat pse36 clflush dts acpi mmx fxsr sse sse2 ss ht tm pbe syscall nx rdtscp lm constant_tsc arch_perfmon pebs bts rep_good nopl xtopology nonstop_tsc cpuid aperfmperf pni pclmulqdq dtes64 monitor ds_cpl vmx est tm2 ssse3 cx16 xtpr pdcm pcid sse4_1 sse4_2 x2apic popcnt tsc_deadline_timer aes xsave avx f16c rdrand lahf_lm cpuid_fault epb pti ssbd ibrs ibpb stibp tpr_shadow vnmi flexpriority ept vpid fsgsbase smep erms xsaveopt dtherm ida arat pln pts md_clear flush_l1d
bugs		: cpu_meltdown spectre_v1 spectre_v2 spec_store_bypass l1tf mds
bogomips	: 5986.68
clflush size	: 64
cache_alignment	: 64
address sizes	: 36 bits physical, 48 bits virtual
power management:

processor	: 2
vendor_id	: GenuineIntel
cpu family	: 6
model		: 58
model name	: Intel(R) Core(TM) i5-3330 CPU @ 3.00GHz
stepping	: 9
microcode	: 0x21
cpu MHz		: 2993.635
cache size	: 6144 KB
physical id	: 0
siblings	: 4
core id		: 2
cpu cores	: 4
apicid		: 4
initial apicid	: 4
fpu		: yes
fpu_exception	: yes
cpuid level	: 13
wp		: yes
flags		: fpu vme de pse tsc msr pae mce cx8 apic sep mtrr pge mca cmov pat pse36 clflush dts acpi mmx fxsr sse sse2 ss ht tm pbe syscall nx rdtscp lm constant_tsc arch_perfmon pebs bts rep_good nopl xtopology nonstop_tsc cpuid aperfmperf pni pclmulqdq dtes64 monitor ds_cpl vmx est tm2 ssse3 cx16 xtpr pdcm pcid sse4_1 sse4_2 x2apic popcnt tsc_deadline_timer aes xsave avx f16c rdrand lahf_lm cpuid_fault epb pti ssbd ibrs ibpb stibp tpr_shadow vnmi flexpriority ept vpid fsgsbase smep erms xsaveopt dtherm ida arat pln pts md_clear flush_l1d
bugs		: cpu_meltdown spectre_v1 spectre_v2 spec_store_bypass l1tf mds
bogomips	: 5986.68
clflush size	: 64
cache_alignment	: 64
address sizes	: 36 bits physical, 48 bits virtual
power management:

processor	: 3
vendor_id	: GenuineIntel
cpu family	: 6
model		: 58
model name	: Intel(R) Core(TM) i5-3330 CPU @ 3.00GHz
stepping	: 9
microcode	: 0x21
cpu MHz		: 2998.123
cache size	: 6144 KB
physical id	: 0
siblings	: 4
core id		: 3
cpu cores	: 4
apicid		: 6
initial apicid	: 6
fpu		: yes
fpu_exception	: yes
cpuid level	: 13
wp		: yes
flags		: fpu vme de pse tsc msr pae mce cx8 apic sep mtrr pge mca cmov pat pse36 clflush dts acpi mmx fxsr sse sse2 ss ht tm pbe syscall nx rdtscp lm constant_tsc arch_perfmon pebs bts rep_good nopl xtopology nonstop_tsc cpuid aperfmperf pni pclmulqdq dtes64 monitor ds_cpl vmx est tm2 ssse3 cx16 xtpr pdcm pcid sse4_1 sse4_2 x2apic popcnt tsc_deadline_timer aes xsave avx f16c rdrand lahf_lm cpuid_fault epb pti ssbd ibrs ibpb stibp tpr_shadow vnmi flexpriority ept vpid fsgsbase smep erms xsaveopt dtherm ida arat pln pts md_clear flush_l1d
bugs		: cpu_meltdown spectre_v1 spectre_v2 spec_store_bypass l1tf mds
bogomips	: 5986.68
clflush size	: 64
cache_alignment	: 64
address sizes	: 36 bits physical, 48 bits virtual
power management:



Memory: 4k page, physical 8131828k(4547908k free), swap 2097148k(2097148k free)

vm_info: OpenJDK 64-Bit Server VM (25.212-b03) for linux-amd64 JRE (1.8.0_212-8u212-b03-0ubuntu1.18.04.1-b03), built on Apr 26 2019 01:04:36 by "buildd" with gcc 7.3.0

time: Sun Jun 23 00:50:34 2019
timezone: -03
elapsed time: 148 seconds (0d 0h 2m 28s)

